2023-05-18 17:22:09.337  INFO 16724 --- [restartedMain] c.m.myboard.EnjoyTripBackApplication     : Starting EnjoyTripBackApplication using Java 1.8.0_192 on DESKTOP-DOGVPUB with PID 16724 (C:\Users\SSAFY\firstSemaster\vue-final-project\enjoytrip_final_02_jmj_cjs\backend\EnjoyTripBack\bin\main started by SSAFY in C:\Users\SSAFY\firstSemaster\vue-final-project\enjoytrip_final_02_jmj_cjs\backend\EnjoyTripBack)
2023-05-18 17:22:09.338 DEBUG 16724 --- [restartedMain] c.m.myboard.EnjoyTripBackApplication     : Running with Spring Boot v2.7.11, Spring v5.3.27
2023-05-18 17:22:09.338  INFO 16724 --- [restartedMain] c.m.myboard.EnjoyTripBackApplication     : No active profile set, falling back to 1 default profile: "default"
2023-05-18 17:22:09.368  INFO 16724 --- [restartedMain] .e.DevToolsPropertyDefaultsPostProcessor : Devtools property defaults active! Set 'spring.devtools.add-properties' to 'false' to disable
2023-05-18 17:22:09.370  INFO 16724 --- [restartedMain] .e.DevToolsPropertyDefaultsPostProcessor : For additional web related logging consider setting the 'logging.level.web' property to 'DEBUG'
2023-05-18 17:22:10.112  INFO 16724 --- [restartedMain] o.s.b.w.embedded.tomcat.TomcatWebServer  : Tomcat initialized with port(s): 8080 (http)
2023-05-18 17:22:10.117  INFO 16724 --- [restartedMain] o.apache.catalina.core.StandardService   : Starting service [Tomcat]
2023-05-18 17:22:10.118  INFO 16724 --- [restartedMain] org.apache.catalina.core.StandardEngine  : Starting Servlet engine: [Apache Tomcat/9.0.74]
2023-05-18 17:22:10.175  INFO 16724 --- [restartedMain] o.a.c.c.C.[Tomcat].[localhost].[/]       : Initializing Spring embedded WebApplicationContext
2023-05-18 17:22:10.175  INFO 16724 --- [restartedMain] w.s.c.ServletWebServerApplicationContext : Root WebApplicationContext: initialization completed in 805 ms
2023-05-18 17:22:10.682  INFO 16724 --- [restartedMain] o.s.b.d.a.OptionalLiveReloadServer       : LiveReload server is running on port 35729
2023-05-18 17:22:10.703  INFO 16724 --- [restartedMain] o.s.b.w.embedded.tomcat.TomcatWebServer  : Tomcat started on port(s): 8080 (http) with context path ''
2023-05-18 17:22:10.710  INFO 16724 --- [restartedMain] c.m.myboard.EnjoyTripBackApplication     : Started EnjoyTripBackApplication in 1.639 seconds (JVM running for 2.175)
2023-05-18 17:22:51.762  INFO 16724 --- [http-nio-8080-exec-1] o.a.c.c.C.[Tomcat].[localhost].[/]       : Initializing Spring DispatcherServlet 'dispatcherServlet'
2023-05-18 17:22:51.762  INFO 16724 --- [http-nio-8080-exec-1] o.s.web.servlet.DispatcherServlet        : Initializing Servlet 'dispatcherServlet'
2023-05-18 17:22:51.763  INFO 16724 --- [http-nio-8080-exec-1] o.s.web.servlet.DispatcherServlet        : Completed initialization in 1 ms
2023-05-18 17:22:51.810  INFO 16724 --- [http-nio-8080-exec-1] com.zaxxer.hikari.HikariDataSource       : HikariPool-1 - Starting...
2023-05-18 17:22:51.959  INFO 16724 --- [http-nio-8080-exec-1] com.zaxxer.hikari.HikariDataSource       : HikariPool-1 - Start completed.
2023-05-18 17:22:51.963 DEBUG 16724 --- [http-nio-8080-exec-1] com.mycom.myboard.dao.LoginDao.login     : ==>  Preparing: select user_seq, user_name, user_password, user_email, user_profile_image_url, user_register_date from users where user_email = ?
2023-05-18 17:22:51.976 DEBUG 16724 --- [http-nio-8080-exec-1] com.mycom.myboard.dao.LoginDao.login     : ==> Parameters: mu@ya.ho(String)
2023-05-18 17:22:51.992 DEBUG 16724 --- [http-nio-8080-exec-1] com.mycom.myboard.dao.LoginDao.login     : <==      Total: 1
2023-05-18 17:31:23.716 DEBUG 16724 --- [http-nio-8080-exec-4] com.mycom.myboard.dao.LoginDao.login     : ==>  Preparing: select user_seq, user_name, user_password, user_email, user_profile_image_url, user_register_date from users where user_email = ?
2023-05-18 17:31:23.716 DEBUG 16724 --- [http-nio-8080-exec-4] com.mycom.myboard.dao.LoginDao.login     : ==> Parameters: mu@ya.ho(String)
2023-05-18 17:31:23.717 DEBUG 16724 --- [http-nio-8080-exec-4] com.mycom.myboard.dao.LoginDao.login     : <==      Total: 1
2023-05-18 17:31:33.894 DEBUG 16724 --- [http-nio-8080-exec-5] c.mycom.myboard.dao.BoardDao.boardList   : ==>  Preparing: SELECT b.BOARD_ID, b.USER_SEQ, u.USER_NAME, u.USER_PROFILE_IMAGE_URL, b.TITLE, b.CONTENT, b.REG_DT, b.READ_COUNT FROM BOARD b, USERS u WHERE b.USER_SEQ = u.USER_SEQ ORDER BY b.BOARD_ID DESC LIMIT ? OFFSET ?
2023-05-18 17:31:33.895 DEBUG 16724 --- [http-nio-8080-exec-5] c.mycom.myboard.dao.BoardDao.boardList   : ==> Parameters: 10(Integer), 0(Integer)
2023-05-18 17:31:33.900 DEBUG 16724 --- [http-nio-8080-exec-5] c.mycom.myboard.dao.BoardDao.boardList   : <==      Total: 10
2023-05-18 17:31:33.900 DEBUG 16724 --- [http-nio-8080-exec-5] c.m.m.dao.BoardDao.boardListTotalCount   : ==>  Preparing: SELECT COUNT(*) FROM BOARD
2023-05-18 17:31:33.901 DEBUG 16724 --- [http-nio-8080-exec-5] c.m.m.dao.BoardDao.boardListTotalCount   : ==> Parameters: 
2023-05-18 17:31:33.904 DEBUG 16724 --- [http-nio-8080-exec-5] c.m.m.dao.BoardDao.boardListTotalCount   : <==      Total: 1
2023-05-18 17:31:39.455 DEBUG 16724 --- [http-nio-8080-exec-6] c.m.m.dao.BoardDao.boardUserReadCount    : ==>  Preparing: SELECT count(*) FROM board_user_read WHERE board_id = ? and user_seq = ?
2023-05-18 17:31:39.455 DEBUG 16724 --- [http-nio-8080-exec-6] c.m.m.dao.BoardDao.boardUserReadCount    : ==> Parameters: 3502(Integer), 8(Integer)
2023-05-18 17:31:39.456 DEBUG 16724 --- [http-nio-8080-exec-6] c.m.m.dao.BoardDao.boardUserReadCount    : <==      Total: 1
2023-05-18 17:31:39.458 DEBUG 16724 --- [http-nio-8080-exec-6] c.m.m.dao.BoardDao.boardUserReadInsert   : ==>  Preparing: INSERT INTO board_user_read ( board_id, user_seq ) VALUES ( ?, ? )
2023-05-18 17:31:39.458 DEBUG 16724 --- [http-nio-8080-exec-6] c.m.m.dao.BoardDao.boardUserReadInsert   : ==> Parameters: 3502(Integer), 8(Integer)
2023-05-18 17:31:39.475 DEBUG 16724 --- [http-nio-8080-exec-6] c.m.m.dao.BoardDao.boardUserReadInsert   : <==    Updates: 1
2023-05-18 17:31:39.476 DEBUG 16724 --- [http-nio-8080-exec-6] c.m.m.dao.BoardDao.boardReadCountUpdate  : ==>  Preparing: UPDATE board set READ_COUNT = READ_COUNT + 1 WHERE BOARD_ID = ?
2023-05-18 17:31:39.476 DEBUG 16724 --- [http-nio-8080-exec-6] c.m.m.dao.BoardDao.boardReadCountUpdate  : ==> Parameters: 3502(Integer)
2023-05-18 17:31:39.496 DEBUG 16724 --- [http-nio-8080-exec-6] c.m.m.dao.BoardDao.boardReadCountUpdate  : <==    Updates: 1
2023-05-18 17:31:39.497 DEBUG 16724 --- [http-nio-8080-exec-6] c.m.myboard.dao.BoardDao.boardDetail     : ==>  Preparing: SELECT b.BOARD_ID, b.USER_SEQ, u.USER_NAME, u.USER_PROFILE_IMAGE_URL, b.TITLE, b.CONTENT, b.REG_DT, b.READ_COUNT FROM BOARD b, USERS u WHERE b.BOARD_ID = ? AND b.USER_SEQ = u.USER_SEQ
2023-05-18 17:31:39.497 DEBUG 16724 --- [http-nio-8080-exec-6] c.m.myboard.dao.BoardDao.boardDetail     : ==> Parameters: 3502(Integer)
2023-05-18 17:31:39.498 DEBUG 16724 --- [http-nio-8080-exec-6] c.m.myboard.dao.BoardDao.boardDetail     : <==      Total: 1
2023-05-18 17:31:39.499 DEBUG 16724 --- [http-nio-8080-exec-6] c.m.m.dao.BoardDao.boardDetailFileList   : ==>  Preparing: SELECT BOARD_ID, FILE_ID, FILE_NAME, FILE_SIZE, FILE_CONTENT_TYPE, FILE_URL, REG_DT FROM BOARD_FILE WHERE BOARD_ID = ?
2023-05-18 17:31:39.499 DEBUG 16724 --- [http-nio-8080-exec-6] c.m.m.dao.BoardDao.boardDetailFileList   : ==> Parameters: 3502(Integer)
2023-05-18 17:31:39.500 DEBUG 16724 --- [http-nio-8080-exec-6] c.m.m.dao.BoardDao.boardDetailFileList   : <==      Total: 0
2023-05-18 17:31:41.679 DEBUG 16724 --- [http-nio-8080-exec-7] c.m.m.dao.BoardDao.boardUserReadCount    : ==>  Preparing: SELECT count(*) FROM board_user_read WHERE board_id = ? and user_seq = ?
2023-05-18 17:31:41.679 DEBUG 16724 --- [http-nio-8080-exec-7] c.m.m.dao.BoardDao.boardUserReadCount    : ==> Parameters: 3502(Integer), 8(Integer)
2023-05-18 17:31:41.681 DEBUG 16724 --- [http-nio-8080-exec-7] c.m.m.dao.BoardDao.boardUserReadCount    : <==      Total: 1
2023-05-18 17:31:41.681 DEBUG 16724 --- [http-nio-8080-exec-7] c.m.myboard.dao.BoardDao.boardDetail     : ==>  Preparing: SELECT b.BOARD_ID, b.USER_SEQ, u.USER_NAME, u.USER_PROFILE_IMAGE_URL, b.TITLE, b.CONTENT, b.REG_DT, b.READ_COUNT FROM BOARD b, USERS u WHERE b.BOARD_ID = ? AND b.USER_SEQ = u.USER_SEQ
2023-05-18 17:31:41.682 DEBUG 16724 --- [http-nio-8080-exec-7] c.m.myboard.dao.BoardDao.boardDetail     : ==> Parameters: 3502(Integer)
2023-05-18 17:31:41.682 DEBUG 16724 --- [http-nio-8080-exec-7] c.m.myboard.dao.BoardDao.boardDetail     : <==      Total: 1
2023-05-18 17:31:41.682 DEBUG 16724 --- [http-nio-8080-exec-7] c.m.m.dao.BoardDao.boardDetailFileList   : ==>  Preparing: SELECT BOARD_ID, FILE_ID, FILE_NAME, FILE_SIZE, FILE_CONTENT_TYPE, FILE_URL, REG_DT FROM BOARD_FILE WHERE BOARD_ID = ?
2023-05-18 17:31:41.682 DEBUG 16724 --- [http-nio-8080-exec-7] c.m.m.dao.BoardDao.boardDetailFileList   : ==> Parameters: 3502(Integer)
2023-05-18 17:31:41.683 DEBUG 16724 --- [http-nio-8080-exec-7] c.m.m.dao.BoardDao.boardDetailFileList   : <==      Total: 0
2023-05-18 17:31:43.726 DEBUG 16724 --- [http-nio-8080-exec-8] c.m.m.dao.BoardDao.boardUserReadCount    : ==>  Preparing: SELECT count(*) FROM board_user_read WHERE board_id = ? and user_seq = ?
2023-05-18 17:31:43.727 DEBUG 16724 --- [http-nio-8080-exec-8] c.m.m.dao.BoardDao.boardUserReadCount    : ==> Parameters: 3502(Integer), 8(Integer)
2023-05-18 17:31:43.728 DEBUG 16724 --- [http-nio-8080-exec-8] c.m.m.dao.BoardDao.boardUserReadCount    : <==      Total: 1
2023-05-18 17:31:43.728 DEBUG 16724 --- [http-nio-8080-exec-8] c.m.myboard.dao.BoardDao.boardDetail     : ==>  Preparing: SELECT b.BOARD_ID, b.USER_SEQ, u.USER_NAME, u.USER_PROFILE_IMAGE_URL, b.TITLE, b.CONTENT, b.REG_DT, b.READ_COUNT FROM BOARD b, USERS u WHERE b.BOARD_ID = ? AND b.USER_SEQ = u.USER_SEQ
2023-05-18 17:31:43.728 DEBUG 16724 --- [http-nio-8080-exec-8] c.m.myboard.dao.BoardDao.boardDetail     : ==> Parameters: 3502(Integer)
2023-05-18 17:31:43.729 DEBUG 16724 --- [http-nio-8080-exec-8] c.m.myboard.dao.BoardDao.boardDetail     : <==      Total: 1
2023-05-18 17:31:43.730 DEBUG 16724 --- [http-nio-8080-exec-8] c.m.m.dao.BoardDao.boardDetailFileList   : ==>  Preparing: SELECT BOARD_ID, FILE_ID, FILE_NAME, FILE_SIZE, FILE_CONTENT_TYPE, FILE_URL, REG_DT FROM BOARD_FILE WHERE BOARD_ID = ?
2023-05-18 17:31:43.730 DEBUG 16724 --- [http-nio-8080-exec-8] c.m.m.dao.BoardDao.boardDetailFileList   : ==> Parameters: 3502(Integer)
2023-05-18 17:31:43.731 DEBUG 16724 --- [http-nio-8080-exec-8] c.m.m.dao.BoardDao.boardDetailFileList   : <==      Total: 0
2023-05-18 17:31:46.215 DEBUG 16724 --- [http-nio-8080-exec-9] c.m.m.dao.BoardDao.boardUserReadCount    : ==>  Preparing: SELECT count(*) FROM board_user_read WHERE board_id = ? and user_seq = ?
2023-05-18 17:31:46.216 DEBUG 16724 --- [http-nio-8080-exec-9] c.m.m.dao.BoardDao.boardUserReadCount    : ==> Parameters: 3498(Integer), 8(Integer)
2023-05-18 17:31:46.216 DEBUG 16724 --- [http-nio-8080-exec-9] c.m.m.dao.BoardDao.boardUserReadCount    : <==      Total: 1
2023-05-18 17:31:46.217 DEBUG 16724 --- [http-nio-8080-exec-9] c.m.m.dao.BoardDao.boardUserReadInsert   : ==>  Preparing: INSERT INTO board_user_read ( board_id, user_seq ) VALUES ( ?, ? )
2023-05-18 17:31:46.217 DEBUG 16724 --- [http-nio-8080-exec-9] c.m.m.dao.BoardDao.boardUserReadInsert   : ==> Parameters: 3498(Integer), 8(Integer)
2023-05-18 17:31:46.218 DEBUG 16724 --- [http-nio-8080-exec-9] c.m.m.dao.BoardDao.boardUserReadInsert   : <==    Updates: 1
2023-05-18 17:31:46.218 DEBUG 16724 --- [http-nio-8080-exec-9] c.m.m.dao.BoardDao.boardReadCountUpdate  : ==>  Preparing: UPDATE board set READ_COUNT = READ_COUNT + 1 WHERE BOARD_ID = ?
2023-05-18 17:31:46.218 DEBUG 16724 --- [http-nio-8080-exec-9] c.m.m.dao.BoardDao.boardReadCountUpdate  : ==> Parameters: 3498(Integer)
2023-05-18 17:31:46.219 DEBUG 16724 --- [http-nio-8080-exec-9] c.m.m.dao.BoardDao.boardReadCountUpdate  : <==    Updates: 1
2023-05-18 17:31:46.219 DEBUG 16724 --- [http-nio-8080-exec-9] c.m.myboard.dao.BoardDao.boardDetail     : ==>  Preparing: SELECT b.BOARD_ID, b.USER_SEQ, u.USER_NAME, u.USER_PROFILE_IMAGE_URL, b.TITLE, b.CONTENT, b.REG_DT, b.READ_COUNT FROM BOARD b, USERS u WHERE b.BOARD_ID = ? AND b.USER_SEQ = u.USER_SEQ
2023-05-18 17:31:46.220 DEBUG 16724 --- [http-nio-8080-exec-9] c.m.myboard.dao.BoardDao.boardDetail     : ==> Parameters: 3498(Integer)
2023-05-18 17:31:46.221 DEBUG 16724 --- [http-nio-8080-exec-9] c.m.myboard.dao.BoardDao.boardDetail     : <==      Total: 1
2023-05-18 17:31:46.221 DEBUG 16724 --- [http-nio-8080-exec-9] c.m.m.dao.BoardDao.boardDetailFileList   : ==>  Preparing: SELECT BOARD_ID, FILE_ID, FILE_NAME, FILE_SIZE, FILE_CONTENT_TYPE, FILE_URL, REG_DT FROM BOARD_FILE WHERE BOARD_ID = ?
2023-05-18 17:31:46.221 DEBUG 16724 --- [http-nio-8080-exec-9] c.m.m.dao.BoardDao.boardDetailFileList   : ==> Parameters: 3498(Integer)
2023-05-18 17:31:46.222 DEBUG 16724 --- [http-nio-8080-exec-9] c.m.m.dao.BoardDao.boardDetailFileList   : <==      Total: 0
2023-05-18 17:31:48.830 DEBUG 16724 --- [http-nio-8080-exec-10] c.mycom.myboard.dao.BoardDao.boardList   : ==>  Preparing: SELECT b.BOARD_ID, b.USER_SEQ, u.USER_NAME, u.USER_PROFILE_IMAGE_URL, b.TITLE, b.CONTENT, b.REG_DT, b.READ_COUNT FROM BOARD b, USERS u WHERE b.USER_SEQ = u.USER_SEQ ORDER BY b.BOARD_ID DESC LIMIT ? OFFSET ?
2023-05-18 17:31:48.830 DEBUG 16724 --- [http-nio-8080-exec-10] c.mycom.myboard.dao.BoardDao.boardList   : ==> Parameters: 10(Integer), 0(Integer)
2023-05-18 17:31:48.834 DEBUG 16724 --- [http-nio-8080-exec-10] c.mycom.myboard.dao.BoardDao.boardList   : <==      Total: 10
2023-05-18 17:31:48.834 DEBUG 16724 --- [http-nio-8080-exec-10] c.m.m.dao.BoardDao.boardListTotalCount   : ==>  Preparing: SELECT COUNT(*) FROM BOARD
2023-05-18 17:31:48.835 DEBUG 16724 --- [http-nio-8080-exec-10] c.m.m.dao.BoardDao.boardListTotalCount   : ==> Parameters: 
2023-05-18 17:31:48.837 DEBUG 16724 --- [http-nio-8080-exec-10] c.m.m.dao.BoardDao.boardListTotalCount   : <==      Total: 1
2023-05-18 17:31:50.982 DEBUG 16724 --- [http-nio-8080-exec-1] c.m.m.dao.BoardDao.boardUserReadCount    : ==>  Preparing: SELECT count(*) FROM board_user_read WHERE board_id = ? and user_seq = ?
2023-05-18 17:31:50.982 DEBUG 16724 --- [http-nio-8080-exec-1] c.m.m.dao.BoardDao.boardUserReadCount    : ==> Parameters: 3500(Integer), 8(Integer)
2023-05-18 17:31:50.983 DEBUG 16724 --- [http-nio-8080-exec-1] c.m.m.dao.BoardDao.boardUserReadCount    : <==      Total: 1
2023-05-18 17:31:50.983 DEBUG 16724 --- [http-nio-8080-exec-1] c.m.m.dao.BoardDao.boardUserReadInsert   : ==>  Preparing: INSERT INTO board_user_read ( board_id, user_seq ) VALUES ( ?, ? )
2023-05-18 17:31:50.983 DEBUG 16724 --- [http-nio-8080-exec-1] c.m.m.dao.BoardDao.boardUserReadInsert   : ==> Parameters: 3500(Integer), 8(Integer)
2023-05-18 17:31:50.984 DEBUG 16724 --- [http-nio-8080-exec-1] c.m.m.dao.BoardDao.boardUserReadInsert   : <==    Updates: 1
2023-05-18 17:31:50.984 DEBUG 16724 --- [http-nio-8080-exec-1] c.m.m.dao.BoardDao.boardReadCountUpdate  : ==>  Preparing: UPDATE board set READ_COUNT = READ_COUNT + 1 WHERE BOARD_ID = ?
2023-05-18 17:31:50.984 DEBUG 16724 --- [http-nio-8080-exec-1] c.m.m.dao.BoardDao.boardReadCountUpdate  : ==> Parameters: 3500(Integer)
2023-05-18 17:31:50.985 DEBUG 16724 --- [http-nio-8080-exec-1] c.m.m.dao.BoardDao.boardReadCountUpdate  : <==    Updates: 1
2023-05-18 17:31:50.985 DEBUG 16724 --- [http-nio-8080-exec-1] c.m.myboard.dao.BoardDao.boardDetail     : ==>  Preparing: SELECT b.BOARD_ID, b.USER_SEQ, u.USER_NAME, u.USER_PROFILE_IMAGE_URL, b.TITLE, b.CONTENT, b.REG_DT, b.READ_COUNT FROM BOARD b, USERS u WHERE b.BOARD_ID = ? AND b.USER_SEQ = u.USER_SEQ
2023-05-18 17:31:50.985 DEBUG 16724 --- [http-nio-8080-exec-1] c.m.myboard.dao.BoardDao.boardDetail     : ==> Parameters: 3500(Integer)
2023-05-18 17:31:50.986 DEBUG 16724 --- [http-nio-8080-exec-1] c.m.myboard.dao.BoardDao.boardDetail     : <==      Total: 1
2023-05-18 17:31:50.987 DEBUG 16724 --- [http-nio-8080-exec-1] c.m.m.dao.BoardDao.boardDetailFileList   : ==>  Preparing: SELECT BOARD_ID, FILE_ID, FILE_NAME, FILE_SIZE, FILE_CONTENT_TYPE, FILE_URL, REG_DT FROM BOARD_FILE WHERE BOARD_ID = ?
2023-05-18 17:31:50.987 DEBUG 16724 --- [http-nio-8080-exec-1] c.m.m.dao.BoardDao.boardDetailFileList   : ==> Parameters: 3500(Integer)
2023-05-18 17:31:50.987 DEBUG 16724 --- [http-nio-8080-exec-1] c.m.m.dao.BoardDao.boardDetailFileList   : <==      Total: 0
2023-05-18 17:31:54.310 DEBUG 16724 --- [http-nio-8080-exec-2] c.mycom.myboard.dao.BoardDao.boardList   : ==>  Preparing: SELECT b.BOARD_ID, b.USER_SEQ, u.USER_NAME, u.USER_PROFILE_IMAGE_URL, b.TITLE, b.CONTENT, b.REG_DT, b.READ_COUNT FROM BOARD b, USERS u WHERE b.USER_SEQ = u.USER_SEQ ORDER BY b.BOARD_ID DESC LIMIT ? OFFSET ?
2023-05-18 17:31:54.311 DEBUG 16724 --- [http-nio-8080-exec-2] c.mycom.myboard.dao.BoardDao.boardList   : ==> Parameters: 10(Integer), 0(Integer)
2023-05-18 17:31:54.313 DEBUG 16724 --- [http-nio-8080-exec-2] c.mycom.myboard.dao.BoardDao.boardList   : <==      Total: 10
2023-05-18 17:31:54.313 DEBUG 16724 --- [http-nio-8080-exec-2] c.m.m.dao.BoardDao.boardListTotalCount   : ==>  Preparing: SELECT COUNT(*) FROM BOARD
2023-05-18 17:31:54.313 DEBUG 16724 --- [http-nio-8080-exec-2] c.m.m.dao.BoardDao.boardListTotalCount   : ==> Parameters: 
2023-05-18 17:31:54.316 DEBUG 16724 --- [http-nio-8080-exec-2] c.m.m.dao.BoardDao.boardListTotalCount   : <==      Total: 1
2023-05-18 17:34:46.103 DEBUG 16724 --- [http-nio-8080-exec-5] com.mycom.myboard.dao.LoginDao.login     : ==>  Preparing: select user_seq, user_name, user_password, user_email, user_profile_image_url, user_register_date from users where user_email = ?
2023-05-18 17:34:46.104 DEBUG 16724 --- [http-nio-8080-exec-5] com.mycom.myboard.dao.LoginDao.login     : ==> Parameters: mu@ya.ho(String)
2023-05-18 17:34:46.105 DEBUG 16724 --- [http-nio-8080-exec-5] com.mycom.myboard.dao.LoginDao.login     : <==      Total: 1
2023-05-18 17:34:52.153 DEBUG 16724 --- [http-nio-8080-exec-6] c.mycom.myboard.dao.BoardDao.boardList   : ==>  Preparing: SELECT b.BOARD_ID, b.USER_SEQ, u.USER_NAME, u.USER_PROFILE_IMAGE_URL, b.TITLE, b.CONTENT, b.REG_DT, b.READ_COUNT FROM BOARD b, USERS u WHERE b.USER_SEQ = u.USER_SEQ ORDER BY b.BOARD_ID DESC LIMIT ? OFFSET ?
2023-05-18 17:34:52.154 DEBUG 16724 --- [http-nio-8080-exec-6] c.mycom.myboard.dao.BoardDao.boardList   : ==> Parameters: 10(Integer), 0(Integer)
2023-05-18 17:34:52.155 DEBUG 16724 --- [http-nio-8080-exec-6] c.mycom.myboard.dao.BoardDao.boardList   : <==      Total: 10
2023-05-18 17:34:52.156 DEBUG 16724 --- [http-nio-8080-exec-6] c.m.m.dao.BoardDao.boardListTotalCount   : ==>  Preparing: SELECT COUNT(*) FROM BOARD
2023-05-18 17:34:52.156 DEBUG 16724 --- [http-nio-8080-exec-6] c.m.m.dao.BoardDao.boardListTotalCount   : ==> Parameters: 
2023-05-18 17:34:52.158 DEBUG 16724 --- [http-nio-8080-exec-6] c.m.m.dao.BoardDao.boardListTotalCount   : <==      Total: 1
2023-05-18 17:35:11.110 DEBUG 16724 --- [http-nio-8080-exec-7] com.mycom.myboard.dao.LoginDao.login     : ==>  Preparing: select user_seq, user_name, user_password, user_email, user_profile_image_url, user_register_date from users where user_email = ?
2023-05-18 17:35:11.110 DEBUG 16724 --- [http-nio-8080-exec-7] com.mycom.myboard.dao.LoginDao.login     : ==> Parameters: mu@ya.ho(String)
2023-05-18 17:35:11.111 DEBUG 16724 --- [http-nio-8080-exec-7] com.mycom.myboard.dao.LoginDao.login     : <==      Total: 1
2023-05-18 17:35:37.308 DEBUG 16724 --- [http-nio-8080-exec-8] com.mycom.myboard.dao.LoginDao.login     : ==>  Preparing: select user_seq, user_name, user_password, user_email, user_profile_image_url, user_register_date from users where user_email = ?
2023-05-18 17:35:37.308 DEBUG 16724 --- [http-nio-8080-exec-8] com.mycom.myboard.dao.LoginDao.login     : ==> Parameters: mu@ya.ho(String)
2023-05-18 17:35:37.310 DEBUG 16724 --- [http-nio-8080-exec-8] com.mycom.myboard.dao.LoginDao.login     : <==      Total: 1
2023-05-18 17:35:38.629 DEBUG 16724 --- [http-nio-8080-exec-9] c.mycom.myboard.dao.BoardDao.boardList   : ==>  Preparing: SELECT b.BOARD_ID, b.USER_SEQ, u.USER_NAME, u.USER_PROFILE_IMAGE_URL, b.TITLE, b.CONTENT, b.REG_DT, b.READ_COUNT FROM BOARD b, USERS u WHERE b.USER_SEQ = u.USER_SEQ ORDER BY b.BOARD_ID DESC LIMIT ? OFFSET ?
2023-05-18 17:35:38.629 DEBUG 16724 --- [http-nio-8080-exec-9] c.mycom.myboard.dao.BoardDao.boardList   : ==> Parameters: 10(Integer), 0(Integer)
2023-05-18 17:35:38.632 DEBUG 16724 --- [http-nio-8080-exec-9] c.mycom.myboard.dao.BoardDao.boardList   : <==      Total: 10
2023-05-18 17:35:38.633 DEBUG 16724 --- [http-nio-8080-exec-9] c.m.m.dao.BoardDao.boardListTotalCount   : ==>  Preparing: SELECT COUNT(*) FROM BOARD
2023-05-18 17:35:38.633 DEBUG 16724 --- [http-nio-8080-exec-9] c.m.m.dao.BoardDao.boardListTotalCount   : ==> Parameters: 
2023-05-18 17:35:38.635 DEBUG 16724 --- [http-nio-8080-exec-9] c.m.m.dao.BoardDao.boardListTotalCount   : <==      Total: 1
2023-05-18 17:36:58.673 DEBUG 16724 --- [http-nio-8080-exec-1] c.mycom.myboard.dao.BoardDao.boardList   : ==>  Preparing: SELECT b.BOARD_ID, b.USER_SEQ, u.USER_NAME, u.USER_PROFILE_IMAGE_URL, b.TITLE, b.CONTENT, b.REG_DT, b.READ_COUNT FROM BOARD b, USERS u WHERE b.USER_SEQ = u.USER_SEQ ORDER BY b.BOARD_ID DESC LIMIT ? OFFSET ?
2023-05-18 17:36:58.674 DEBUG 16724 --- [http-nio-8080-exec-1] c.mycom.myboard.dao.BoardDao.boardList   : ==> Parameters: 10(Integer), 0(Integer)
2023-05-18 17:36:58.676 DEBUG 16724 --- [http-nio-8080-exec-1] c.mycom.myboard.dao.BoardDao.boardList   : <==      Total: 10
2023-05-18 17:36:58.676 DEBUG 16724 --- [http-nio-8080-exec-1] c.m.m.dao.BoardDao.boardListTotalCount   : ==>  Preparing: SELECT COUNT(*) FROM BOARD
2023-05-18 17:36:58.676 DEBUG 16724 --- [http-nio-8080-exec-1] c.m.m.dao.BoardDao.boardListTotalCount   : ==> Parameters: 
2023-05-18 17:36:58.678 DEBUG 16724 --- [http-nio-8080-exec-1] c.m.m.dao.BoardDao.boardListTotalCount   : <==      Total: 1
2023-05-18 17:36:59.726 DEBUG 16724 --- [http-nio-8080-exec-2] c.mycom.myboard.dao.BoardDao.boardList   : ==>  Preparing: SELECT b.BOARD_ID, b.USER_SEQ, u.USER_NAME, u.USER_PROFILE_IMAGE_URL, b.TITLE, b.CONTENT, b.REG_DT, b.READ_COUNT FROM BOARD b, USERS u WHERE b.USER_SEQ = u.USER_SEQ ORDER BY b.BOARD_ID DESC LIMIT ? OFFSET ?
2023-05-18 17:36:59.726 DEBUG 16724 --- [http-nio-8080-exec-2] c.mycom.myboard.dao.BoardDao.boardList   : ==> Parameters: 10(Integer), 0(Integer)
2023-05-18 17:36:59.728 DEBUG 16724 --- [http-nio-8080-exec-2] c.mycom.myboard.dao.BoardDao.boardList   : <==      Total: 10
2023-05-18 17:36:59.729 DEBUG 16724 --- [http-nio-8080-exec-2] c.m.m.dao.BoardDao.boardListTotalCount   : ==>  Preparing: SELECT COUNT(*) FROM BOARD
2023-05-18 17:36:59.729 DEBUG 16724 --- [http-nio-8080-exec-2] c.m.m.dao.BoardDao.boardListTotalCount   : ==> Parameters: 
2023-05-18 17:36:59.731 DEBUG 16724 --- [http-nio-8080-exec-2] c.m.m.dao.BoardDao.boardListTotalCount   : <==      Total: 1
2023-05-18 17:37:05.208 DEBUG 16724 --- [http-nio-8080-exec-3] com.mycom.myboard.dao.LoginDao.login     : ==>  Preparing: select user_seq, user_name, user_password, user_email, user_profile_image_url, user_register_date from users where user_email = ?
2023-05-18 17:37:05.208 DEBUG 16724 --- [http-nio-8080-exec-3] com.mycom.myboard.dao.LoginDao.login     : ==> Parameters: mu@ya.ho(String)
2023-05-18 17:37:05.209 DEBUG 16724 --- [http-nio-8080-exec-3] com.mycom.myboard.dao.LoginDao.login     : <==      Total: 1
2023-05-18 17:43:44.112 DEBUG 16724 --- [http-nio-8080-exec-5] com.mycom.myboard.dao.LoginDao.login     : ==>  Preparing: select user_seq, user_name, user_password, user_email, user_profile_image_url, user_register_date from users where user_email = ?
2023-05-18 17:43:44.112 DEBUG 16724 --- [http-nio-8080-exec-5] com.mycom.myboard.dao.LoginDao.login     : ==> Parameters: mu@ya.ho(String)
2023-05-18 17:43:44.113 DEBUG 16724 --- [http-nio-8080-exec-5] com.mycom.myboard.dao.LoginDao.login     : <==      Total: 1
2023-05-18 17:43:58.633 DEBUG 16724 --- [http-nio-8080-exec-6] c.mycom.myboard.dao.BoardDao.boardList   : ==>  Preparing: SELECT b.BOARD_ID, b.USER_SEQ, u.USER_NAME, u.USER_PROFILE_IMAGE_URL, b.TITLE, b.CONTENT, b.REG_DT, b.READ_COUNT FROM BOARD b, USERS u WHERE b.USER_SEQ = u.USER_SEQ ORDER BY b.BOARD_ID DESC LIMIT ? OFFSET ?
2023-05-18 17:43:58.634 DEBUG 16724 --- [http-nio-8080-exec-6] c.mycom.myboard.dao.BoardDao.boardList   : ==> Parameters: 10(Integer), 0(Integer)
2023-05-18 17:43:58.636 DEBUG 16724 --- [http-nio-8080-exec-6] c.mycom.myboard.dao.BoardDao.boardList   : <==      Total: 10
2023-05-18 17:43:58.636 DEBUG 16724 --- [http-nio-8080-exec-6] c.m.m.dao.BoardDao.boardListTotalCount   : ==>  Preparing: SELECT COUNT(*) FROM BOARD
2023-05-18 17:43:58.636 DEBUG 16724 --- [http-nio-8080-exec-6] c.m.m.dao.BoardDao.boardListTotalCount   : ==> Parameters: 
2023-05-18 17:43:58.638 DEBUG 16724 --- [http-nio-8080-exec-6] c.m.m.dao.BoardDao.boardListTotalCount   : <==      Total: 1
2023-05-18 17:44:00.680 DEBUG 16724 --- [http-nio-8080-exec-7] c.m.m.dao.BoardDao.boardUserReadCount    : ==>  Preparing: SELECT count(*) FROM board_user_read WHERE board_id = ? and user_seq = ?
2023-05-18 17:44:00.680 DEBUG 16724 --- [http-nio-8080-exec-7] c.m.m.dao.BoardDao.boardUserReadCount    : ==> Parameters: 3504(Integer), 8(Integer)
2023-05-18 17:44:00.681 DEBUG 16724 --- [http-nio-8080-exec-7] c.m.m.dao.BoardDao.boardUserReadCount    : <==      Total: 1
2023-05-18 17:44:00.681 DEBUG 16724 --- [http-nio-8080-exec-7] c.m.myboard.dao.BoardDao.boardDetail     : ==>  Preparing: SELECT b.BOARD_ID, b.USER_SEQ, u.USER_NAME, u.USER_PROFILE_IMAGE_URL, b.TITLE, b.CONTENT, b.REG_DT, b.READ_COUNT FROM BOARD b, USERS u WHERE b.BOARD_ID = ? AND b.USER_SEQ = u.USER_SEQ
2023-05-18 17:44:00.682 DEBUG 16724 --- [http-nio-8080-exec-7] c.m.myboard.dao.BoardDao.boardDetail     : ==> Parameters: 3504(Integer)
2023-05-18 17:44:00.682 DEBUG 16724 --- [http-nio-8080-exec-7] c.m.myboard.dao.BoardDao.boardDetail     : <==      Total: 1
2023-05-18 17:44:00.683 DEBUG 16724 --- [http-nio-8080-exec-7] c.m.m.dao.BoardDao.boardDetailFileList   : ==>  Preparing: SELECT BOARD_ID, FILE_ID, FILE_NAME, FILE_SIZE, FILE_CONTENT_TYPE, FILE_URL, REG_DT FROM BOARD_FILE WHERE BOARD_ID = ?
2023-05-18 17:44:00.683 DEBUG 16724 --- [http-nio-8080-exec-7] c.m.m.dao.BoardDao.boardDetailFileList   : ==> Parameters: 3504(Integer)
2023-05-18 17:44:00.684 DEBUG 16724 --- [http-nio-8080-exec-7] c.m.m.dao.BoardDao.boardDetailFileList   : <==      Total: 0
2023-05-18 17:44:02.774 DEBUG 16724 --- [http-nio-8080-exec-8] c.m.m.dao.BoardDao.boardUserReadCount    : ==>  Preparing: SELECT count(*) FROM board_user_read WHERE board_id = ? and user_seq = ?
2023-05-18 17:44:02.774 DEBUG 16724 --- [http-nio-8080-exec-8] c.m.m.dao.BoardDao.boardUserReadCount    : ==> Parameters: 3501(Integer), 8(Integer)
2023-05-18 17:44:02.775 DEBUG 16724 --- [http-nio-8080-exec-8] c.m.m.dao.BoardDao.boardUserReadCount    : <==      Total: 1
2023-05-18 17:44:02.775 DEBUG 16724 --- [http-nio-8080-exec-8] c.m.myboard.dao.BoardDao.boardDetail     : ==>  Preparing: SELECT b.BOARD_ID, b.USER_SEQ, u.USER_NAME, u.USER_PROFILE_IMAGE_URL, b.TITLE, b.CONTENT, b.REG_DT, b.READ_COUNT FROM BOARD b, USERS u WHERE b.BOARD_ID = ? AND b.USER_SEQ = u.USER_SEQ
2023-05-18 17:44:02.775 DEBUG 16724 --- [http-nio-8080-exec-8] c.m.myboard.dao.BoardDao.boardDetail     : ==> Parameters: 3501(Integer)
2023-05-18 17:44:02.776 DEBUG 16724 --- [http-nio-8080-exec-8] c.m.myboard.dao.BoardDao.boardDetail     : <==      Total: 1
2023-05-18 17:44:02.777 DEBUG 16724 --- [http-nio-8080-exec-8] c.m.m.dao.BoardDao.boardDetailFileList   : ==>  Preparing: SELECT BOARD_ID, FILE_ID, FILE_NAME, FILE_SIZE, FILE_CONTENT_TYPE, FILE_URL, REG_DT FROM BOARD_FILE WHERE BOARD_ID = ?
2023-05-18 17:44:02.777 DEBUG 16724 --- [http-nio-8080-exec-8] c.m.m.dao.BoardDao.boardDetailFileList   : ==> Parameters: 3501(Integer)
2023-05-18 17:44:02.777 DEBUG 16724 --- [http-nio-8080-exec-8] c.m.m.dao.BoardDao.boardDetailFileList   : <==      Total: 0
2023-05-18 17:44:50.128 DEBUG 16724 --- [http-nio-8080-exec-9] c.mycom.myboard.dao.BoardDao.boardList   : ==>  Preparing: SELECT b.BOARD_ID, b.USER_SEQ, u.USER_NAME, u.USER_PROFILE_IMAGE_URL, b.TITLE, b.CONTENT, b.REG_DT, b.READ_COUNT FROM BOARD b, USERS u WHERE b.USER_SEQ = u.USER_SEQ ORDER BY b.BOARD_ID DESC LIMIT ? OFFSET ?
2023-05-18 17:44:50.129 DEBUG 16724 --- [http-nio-8080-exec-9] c.mycom.myboard.dao.BoardDao.boardList   : ==> Parameters: 10(Integer), 0(Integer)
2023-05-18 17:44:50.130 DEBUG 16724 --- [http-nio-8080-exec-9] c.mycom.myboard.dao.BoardDao.boardList   : <==      Total: 10
2023-05-18 17:44:50.131 DEBUG 16724 --- [http-nio-8080-exec-9] c.m.m.dao.BoardDao.boardListTotalCount   : ==>  Preparing: SELECT COUNT(*) FROM BOARD
2023-05-18 17:44:50.131 DEBUG 16724 --- [http-nio-8080-exec-9] c.m.m.dao.BoardDao.boardListTotalCount   : ==> Parameters: 
2023-05-18 17:44:50.133 DEBUG 16724 --- [http-nio-8080-exec-9] c.m.m.dao.BoardDao.boardListTotalCount   : <==      Total: 1
2023-05-18 17:44:51.904 DEBUG 16724 --- [http-nio-8080-exec-10] c.m.m.dao.BoardDao.boardUserReadCount    : ==>  Preparing: SELECT count(*) FROM board_user_read WHERE board_id = ? and user_seq = ?
2023-05-18 17:44:51.904 DEBUG 16724 --- [http-nio-8080-exec-10] c.m.m.dao.BoardDao.boardUserReadCount    : ==> Parameters: 3503(Integer), 8(Integer)
2023-05-18 17:44:51.906 DEBUG 16724 --- [http-nio-8080-exec-10] c.m.m.dao.BoardDao.boardUserReadCount    : <==      Total: 1
2023-05-18 17:44:51.906 DEBUG 16724 --- [http-nio-8080-exec-10] c.m.myboard.dao.BoardDao.boardDetail     : ==>  Preparing: SELECT b.BOARD_ID, b.USER_SEQ, u.USER_NAME, u.USER_PROFILE_IMAGE_URL, b.TITLE, b.CONTENT, b.REG_DT, b.READ_COUNT FROM BOARD b, USERS u WHERE b.BOARD_ID = ? AND b.USER_SEQ = u.USER_SEQ
2023-05-18 17:44:51.906 DEBUG 16724 --- [http-nio-8080-exec-10] c.m.myboard.dao.BoardDao.boardDetail     : ==> Parameters: 3503(Integer)
2023-05-18 17:44:51.907 DEBUG 16724 --- [http-nio-8080-exec-10] c.m.myboard.dao.BoardDao.boardDetail     : <==      Total: 1
2023-05-18 17:44:51.907 DEBUG 16724 --- [http-nio-8080-exec-10] c.m.m.dao.BoardDao.boardDetailFileList   : ==>  Preparing: SELECT BOARD_ID, FILE_ID, FILE_NAME, FILE_SIZE, FILE_CONTENT_TYPE, FILE_URL, REG_DT FROM BOARD_FILE WHERE BOARD_ID = ?
2023-05-18 17:44:51.907 DEBUG 16724 --- [http-nio-8080-exec-10] c.m.m.dao.BoardDao.boardDetailFileList   : ==> Parameters: 3503(Integer)
2023-05-18 17:44:51.908 DEBUG 16724 --- [http-nio-8080-exec-10] c.m.m.dao.BoardDao.boardDetailFileList   : <==      Total: 0
2023-05-18 17:44:53.711 DEBUG 16724 --- [http-nio-8080-exec-1] c.m.m.dao.BoardDao.boardUserReadCount    : ==>  Preparing: SELECT count(*) FROM board_user_read WHERE board_id = ? and user_seq = ?
2023-05-18 17:44:53.711 DEBUG 16724 --- [http-nio-8080-exec-1] c.m.m.dao.BoardDao.boardUserReadCount    : ==> Parameters: 3504(Integer), 8(Integer)
2023-05-18 17:44:53.712 DEBUG 16724 --- [http-nio-8080-exec-1] c.m.m.dao.BoardDao.boardUserReadCount    : <==      Total: 1
2023-05-18 17:44:53.712 DEBUG 16724 --- [http-nio-8080-exec-1] c.m.myboard.dao.BoardDao.boardDetail     : ==>  Preparing: SELECT b.BOARD_ID, b.USER_SEQ, u.USER_NAME, u.USER_PROFILE_IMAGE_URL, b.TITLE, b.CONTENT, b.REG_DT, b.READ_COUNT FROM BOARD b, USERS u WHERE b.BOARD_ID = ? AND b.USER_SEQ = u.USER_SEQ
2023-05-18 17:44:53.712 DEBUG 16724 --- [http-nio-8080-exec-1] c.m.myboard.dao.BoardDao.boardDetail     : ==> Parameters: 3504(Integer)
2023-05-18 17:44:53.713 DEBUG 16724 --- [http-nio-8080-exec-1] c.m.myboard.dao.BoardDao.boardDetail     : <==      Total: 1
2023-05-18 17:44:53.713 DEBUG 16724 --- [http-nio-8080-exec-1] c.m.m.dao.BoardDao.boardDetailFileList   : ==>  Preparing: SELECT BOARD_ID, FILE_ID, FILE_NAME, FILE_SIZE, FILE_CONTENT_TYPE, FILE_URL, REG_DT FROM BOARD_FILE WHERE BOARD_ID = ?
2023-05-18 17:44:53.713 DEBUG 16724 --- [http-nio-8080-exec-1] c.m.m.dao.BoardDao.boardDetailFileList   : ==> Parameters: 3504(Integer)
2023-05-18 17:44:53.714 DEBUG 16724 --- [http-nio-8080-exec-1] c.m.m.dao.BoardDao.boardDetailFileList   : <==      Total: 0
2023-05-18 17:45:21.256 DEBUG 16724 --- [http-nio-8080-exec-2] com.mycom.myboard.dao.LoginDao.login     : ==>  Preparing: select user_seq, user_name, user_password, user_email, user_profile_image_url, user_register_date from users where user_email = ?
2023-05-18 17:45:21.256 DEBUG 16724 --- [http-nio-8080-exec-2] com.mycom.myboard.dao.LoginDao.login     : ==> Parameters: mu@ya.ho(String)
2023-05-18 17:45:21.257 DEBUG 16724 --- [http-nio-8080-exec-2] com.mycom.myboard.dao.LoginDao.login     : <==      Total: 1
2023-05-18 17:45:26.773 DEBUG 16724 --- [http-nio-8080-exec-3] com.mycom.myboard.dao.LoginDao.login     : ==>  Preparing: select user_seq, user_name, user_password, user_email, user_profile_image_url, user_register_date from users where user_email = ?
2023-05-18 17:45:26.773 DEBUG 16724 --- [http-nio-8080-exec-3] com.mycom.myboard.dao.LoginDao.login     : ==> Parameters: mu@ya.ho(String)
2023-05-18 17:45:26.774 DEBUG 16724 --- [http-nio-8080-exec-3] com.mycom.myboard.dao.LoginDao.login     : <==      Total: 1
2023-05-18 17:45:28.782 DEBUG 16724 --- [http-nio-8080-exec-4] com.mycom.myboard.dao.LoginDao.login     : ==>  Preparing: select user_seq, user_name, user_password, user_email, user_profile_image_url, user_register_date from users where user_email = ?
2023-05-18 17:45:28.783 DEBUG 16724 --- [http-nio-8080-exec-4] com.mycom.myboard.dao.LoginDao.login     : ==> Parameters: mu@ya.ho(String)
2023-05-18 17:45:28.783 DEBUG 16724 --- [http-nio-8080-exec-4] com.mycom.myboard.dao.LoginDao.login     : <==      Total: 1
2023-05-18 17:45:32.013 DEBUG 16724 --- [http-nio-8080-exec-5] com.mycom.myboard.dao.LoginDao.login     : ==>  Preparing: select user_seq, user_name, user_password, user_email, user_profile_image_url, user_register_date from users where user_email = ?
2023-05-18 17:45:32.014 DEBUG 16724 --- [http-nio-8080-exec-5] com.mycom.myboard.dao.LoginDao.login     : ==> Parameters: mu@ya.ho(String)
2023-05-18 17:45:32.015 DEBUG 16724 --- [http-nio-8080-exec-5] com.mycom.myboard.dao.LoginDao.login     : <==      Total: 1
2023-05-18 17:50:23.000 DEBUG 16724 --- [http-nio-8080-exec-7] c.mycom.myboard.dao.BoardDao.boardList   : ==>  Preparing: SELECT b.BOARD_ID, b.USER_SEQ, u.USER_NAME, u.USER_PROFILE_IMAGE_URL, b.TITLE, b.CONTENT, b.REG_DT, b.READ_COUNT FROM BOARD b, USERS u WHERE b.USER_SEQ = u.USER_SEQ ORDER BY b.BOARD_ID DESC LIMIT ? OFFSET ?
2023-05-18 17:50:23.000 DEBUG 16724 --- [http-nio-8080-exec-7] c.mycom.myboard.dao.BoardDao.boardList   : ==> Parameters: 10(Integer), 0(Integer)
2023-05-18 17:50:23.002 DEBUG 16724 --- [http-nio-8080-exec-7] c.mycom.myboard.dao.BoardDao.boardList   : <==      Total: 10
2023-05-18 17:50:23.002 DEBUG 16724 --- [http-nio-8080-exec-7] c.m.m.dao.BoardDao.boardListTotalCount   : ==>  Preparing: SELECT COUNT(*) FROM BOARD
2023-05-18 17:50:23.002 DEBUG 16724 --- [http-nio-8080-exec-7] c.m.m.dao.BoardDao.boardListTotalCount   : ==> Parameters: 
2023-05-18 17:50:23.005 DEBUG 16724 --- [http-nio-8080-exec-7] c.m.m.dao.BoardDao.boardListTotalCount   : <==      Total: 1
2023-05-18 17:50:26.933 DEBUG 16724 --- [http-nio-8080-exec-8] c.mycom.myboard.dao.BoardDao.boardList   : ==>  Preparing: SELECT b.BOARD_ID, b.USER_SEQ, u.USER_NAME, u.USER_PROFILE_IMAGE_URL, b.TITLE, b.CONTENT, b.REG_DT, b.READ_COUNT FROM BOARD b, USERS u WHERE b.USER_SEQ = u.USER_SEQ ORDER BY b.BOARD_ID DESC LIMIT ? OFFSET ?
2023-05-18 17:50:26.933 DEBUG 16724 --- [http-nio-8080-exec-8] c.mycom.myboard.dao.BoardDao.boardList   : ==> Parameters: 10(Integer), 0(Integer)
2023-05-18 17:50:26.935 DEBUG 16724 --- [http-nio-8080-exec-8] c.mycom.myboard.dao.BoardDao.boardList   : <==      Total: 10
2023-05-18 17:50:26.935 DEBUG 16724 --- [http-nio-8080-exec-8] c.m.m.dao.BoardDao.boardListTotalCount   : ==>  Preparing: SELECT COUNT(*) FROM BOARD
2023-05-18 17:50:26.935 DEBUG 16724 --- [http-nio-8080-exec-8] c.m.m.dao.BoardDao.boardListTotalCount   : ==> Parameters: 
2023-05-18 17:50:26.937 DEBUG 16724 --- [http-nio-8080-exec-8] c.m.m.dao.BoardDao.boardListTotalCount   : <==      Total: 1
2023-05-18 17:50:29.973 DEBUG 16724 --- [http-nio-8080-exec-9] c.mycom.myboard.dao.BoardDao.boardList   : ==>  Preparing: SELECT b.BOARD_ID, b.USER_SEQ, u.USER_NAME, u.USER_PROFILE_IMAGE_URL, b.TITLE, b.CONTENT, b.REG_DT, b.READ_COUNT FROM BOARD b, USERS u WHERE b.USER_SEQ = u.USER_SEQ ORDER BY b.BOARD_ID DESC LIMIT ? OFFSET ?
2023-05-18 17:50:29.973 DEBUG 16724 --- [http-nio-8080-exec-9] c.mycom.myboard.dao.BoardDao.boardList   : ==> Parameters: 10(Integer), 0(Integer)
2023-05-18 17:50:29.975 DEBUG 16724 --- [http-nio-8080-exec-9] c.mycom.myboard.dao.BoardDao.boardList   : <==      Total: 10
2023-05-18 17:50:29.976 DEBUG 16724 --- [http-nio-8080-exec-9] c.m.m.dao.BoardDao.boardListTotalCount   : ==>  Preparing: SELECT COUNT(*) FROM BOARD
2023-05-18 17:50:29.976 DEBUG 16724 --- [http-nio-8080-exec-9] c.m.m.dao.BoardDao.boardListTotalCount   : ==> Parameters: 
2023-05-18 17:50:29.978 DEBUG 16724 --- [http-nio-8080-exec-9] c.m.m.dao.BoardDao.boardListTotalCount   : <==      Total: 1
2023-05-18 17:51:24.671  INFO 16724 --- [RMI TCP Connection(2)-127.0.0.1] inMXBeanRegistrar$SpringApplicationAdmin : Application shutdown requested.
2023-05-18 17:51:24.741  INFO 16724 --- [RMI TCP Connection(2)-127.0.0.1] o.apache.catalina.core.StandardService   : Stopping service [Tomcat]
2023-05-18 17:51:24.742  INFO 16724 --- [RMI TCP Connection(2)-127.0.0.1] o.a.c.c.C.[Tomcat].[localhost].[/]       : Destroying Spring FrameworkServlet 'dispatcherServlet'
2023-05-18 17:51:24.749  WARN 16724 --- [RMI TCP Connection(2)-127.0.0.1] o.a.c.loader.WebappClassLoaderBase       : The web application [ROOT] appears to have started a thread named [HikariPool-1 housekeeper] but has failed to stop it. This is very likely to create a memory leak. Stack trace of thread:
 sun.misc.Unsafe.park(Native Method)
 java.util.concurrent.locks.LockSupport.parkNanos(LockSupport.java:215)
 java.util.concurrent.locks.AbstractQueuedSynchronizer$ConditionObject.awaitNanos(AbstractQueuedSynchronizer.java:2078)
 java.util.concurrent.ScheduledThreadPoolExecutor$DelayedWorkQueue.take(ScheduledThreadPoolExecutor.java:1093)
 java.util.concurrent.ScheduledThreadPoolExecutor$DelayedWorkQueue.take(ScheduledThreadPoolExecutor.java:809)
 java.util.concurrent.ThreadPoolExecutor.getTask(ThreadPoolExecutor.java:1074)
 java.util.concurrent.ThreadPoolExecutor.runWorker(ThreadPoolExecutor.java:1134)
 java.util.concurrent.ThreadPoolExecutor$Worker.run(ThreadPoolExecutor.java:624)
 java.lang.Thread.run(Thread.java:748)
2023-05-18 17:51:24.754  INFO 16724 --- [RMI TCP Connection(2)-127.0.0.1] com.zaxxer.hikari.HikariDataSource       : HikariPool-1 - Shutdown initiated...
2023-05-18 17:51:24.767  INFO 16724 --- [RMI TCP Connection(2)-127.0.0.1] com.zaxxer.hikari.HikariDataSource       : HikariPool-1 - Shutdown completed.
